{
  "stats": {
    "suites": 14,
    "tests": 37,
    "passes": 37,
    "pending": 0,
    "failures": 0,
    "start": "2022-09-02T09:13:13.339Z",
    "end": "2022-09-02T09:14:24.440Z",
    "duration": 30989,
    "testsRegistered": 37,
    "passPercent": 100,
    "pendingPercent": 0,
    "other": 0,
    "hasOther": false,
    "skipped": 0,
    "hasSkipped": false
  },
  "results": [
    {
      "uuid": "4286f50d-be11-4e57-be9a-9c744365c026",
      "title": "",
      "fullFile": "cypress/integration/webdriver-uni/browser-navigation.js",
      "file": "cypress/integration/webdriver-uni/browser-navigation.js",
      "beforeHooks": [],
      "afterHooks": [],
      "tests": [],
      "suites": [
        {
          "uuid": "67d11e73-c0c5-4c99-9d26-7aa64d9a10e5",
          "title": "Validate webdriveruni homepage links",
          "fullFile": "",
          "file": "",
          "beforeHooks": [],
          "afterHooks": [],
          "tests": [
            {
              "title": "Confirm link redirect to the correct pages",
              "fullTitle": "Validate webdriveruni homepage links Confirm link redirect to the correct pages",
              "timedOut": null,
              "duration": 3557,
              "state": "passed",
              "speed": "fast",
              "pass": true,
              "fail": false,
              "pending": false,
              "context": null,
              "code": "// cypress code\ncy.visit(\"https://webdriveruniversity.com/\");\ncy.get(\"#contact-us\").invoke(\"removeAttr\", \"target\").click();\ncy.url().should(\"include\", \"contactus\");\ncy.go(\"back\").url().should(\"not.include\", \"contactus\");\ncy.reload(); // cy.reload(true) // reload without using cache\ncy.go(1).url().should(\"include\", \"contactus\");\ncy.go(-1);\ncy.get(\"#login-portal\").invoke(\"removeAttr\", \"target\").click();\ncy.url().should(\"include\", \"Login-Portal\");\ncy.go(-1);\ncy.get(\"#to-do-list\").invoke(\"removeAttr\", \"target\").click();\ncy.url().should(\"include\", \"To-Do-List\");\ncy.go(-1);",
              "err": {},
              "uuid": "1c0bcdb9-21fe-496f-b159-6e7555adb972",
              "parentUUID": "67d11e73-c0c5-4c99-9d26-7aa64d9a10e5",
              "isHook": false,
              "skipped": false
            }
          ],
          "suites": [],
          "passes": [
            "1c0bcdb9-21fe-496f-b159-6e7555adb972"
          ],
          "failures": [],
          "pending": [],
          "skipped": [],
          "duration": 3557,
          "root": false,
          "rootEmpty": false,
          "_timeout": 2000
        }
      ],
      "passes": [],
      "failures": [],
      "pending": [],
      "skipped": [],
      "duration": 0,
      "root": true,
      "rootEmpty": true,
      "_timeout": 2000
    },
    {
      "uuid": "fa315639-af84-4f55-9144-8ff5130bf562",
      "title": "",
      "fullFile": "cypress/integration/webdriver-uni/checkboxes.js",
      "file": "cypress/integration/webdriver-uni/checkboxes.js",
      "beforeHooks": [],
      "afterHooks": [],
      "tests": [],
      "suites": [
        {
          "uuid": "295cbec7-44f7-4d47-a792-a7cd20a51e9d",
          "title": "Verify checkboxes via webdriveruni",
          "fullFile": "",
          "file": "",
          "beforeHooks": [],
          "afterHooks": [],
          "tests": [
            {
              "title": "Check and validate checkbox",
              "fullTitle": "Verify checkboxes via webdriveruni Check and validate checkbox",
              "timedOut": null,
              "duration": 508,
              "state": "passed",
              "speed": "fast",
              "pass": true,
              "fail": false,
              "pending": false,
              "context": null,
              "code": "// cy.visit(\"https://webdriveruniversity.com/\");\n// cy.get(\"#dropdown-checkboxes-radiobuttons\")\n//   .invoke(\"removeAttr\", \"target\")\n//   .click();\n// cy.get(\"#checkboxes > :nth-child(1) > input\").check();\n// cy.get(\"#checkboxes > :nth-child(1) > input\").check().should(\"be.checked\");\ncy.get(\"[value='option-1']\").as(\"option-1\"); // cy.get(\"@option-1\").check();\ncy.get(\"@option-1\").check().should(\"be.checked\");",
              "err": {},
              "uuid": "448887c1-ca75-4ba7-824f-2a06e1daba10",
              "parentUUID": "295cbec7-44f7-4d47-a792-a7cd20a51e9d",
              "isHook": false,
              "skipped": false
            },
            {
              "title": "Uncheck and validate checkbox",
              "fullTitle": "Verify checkboxes via webdriveruni Uncheck and validate checkbox",
              "timedOut": null,
              "duration": 255,
              "state": "passed",
              "speed": "fast",
              "pass": true,
              "fail": false,
              "pending": false,
              "context": null,
              "code": "// cy.visit(\"https://webdriveruniversity.com/\");\n// cy.get(\"#dropdown-checkboxes-radiobuttons\")\n//   .invoke(\"removeAttr\", \"target\")\n//   .click();\ncy.get(\"[value='option-3']\").as(\"option-3\"); // cy.get(\"@option-1\").check();\ncy.get(\"@option-3\").uncheck().should(\"not.be.checked\");",
              "err": {},
              "uuid": "900795ea-1be2-4d0d-878b-c054e8377002",
              "parentUUID": "295cbec7-44f7-4d47-a792-a7cd20a51e9d",
              "isHook": false,
              "skipped": false
            },
            {
              "title": "Check multiple checkboxes",
              "fullTitle": "Verify checkboxes via webdriveruni Check multiple checkboxes",
              "timedOut": null,
              "duration": 402,
              "state": "passed",
              "speed": "fast",
              "pass": true,
              "fail": false,
              "pending": false,
              "context": null,
              "code": "// cy.visit(\"https://webdriveruniversity.com/\");\n// cy.get(\"#dropdown-checkboxes-radiobuttons\")\n//   .invoke(\"removeAttr\", \"target\")\n//   .click();\ncy.get('input[type=\"checkbox\"]').check([\"option-1\", \"option-2\", \"option-3\", \"option-4\"]).should(\"be.checked\");",
              "err": {},
              "uuid": "b7cc6ae0-0e99-46a9-a02d-81a26ee45f5a",
              "parentUUID": "295cbec7-44f7-4d47-a792-a7cd20a51e9d",
              "isHook": false,
              "skipped": false
            }
          ],
          "suites": [],
          "passes": [
            "448887c1-ca75-4ba7-824f-2a06e1daba10",
            "900795ea-1be2-4d0d-878b-c054e8377002",
            "b7cc6ae0-0e99-46a9-a02d-81a26ee45f5a"
          ],
          "failures": [],
          "pending": [],
          "skipped": [],
          "duration": 1165,
          "root": false,
          "rootEmpty": false,
          "_timeout": 2000
        }
      ],
      "passes": [],
      "failures": [],
      "pending": [],
      "skipped": [],
      "duration": 0,
      "root": true,
      "rootEmpty": true,
      "_timeout": 2000
    },
    {
      "uuid": "5d7d7e54-19f1-4921-882b-c0945e1812a1",
      "title": "",
      "fullFile": "cypress/integration/webdriver-uni/contact-us.js",
      "file": "cypress/integration/webdriver-uni/contact-us.js",
      "beforeHooks": [],
      "afterHooks": [],
      "tests": [],
      "suites": [
        {
          "uuid": "282b2f7c-3d6b-48c3-aaef-b6833326ceeb",
          "title": "Test contact us form via WebdriverUni",
          "fullFile": "",
          "file": "",
          "beforeHooks": [],
          "afterHooks": [],
          "tests": [
            {
              "title": "Should be able to submit a successful submission via contact us form",
              "fullTitle": "Test contact us form via WebdriverUni Should be able to submit a successful submission via contact us form",
              "timedOut": null,
              "duration": 2661,
              "state": "passed",
              "speed": "fast",
              "pass": true,
              "fail": false,
              "pending": false,
              "context": null,
              "code": "// cypress code\ncy.document().should(\"have.property\", \"charset\").and(\"eq\", \"UTF-8\");\ncy.title().should(\"include\", \"WebDriver | Contact Us\");\ncy.url().should(\"include\", \"contactus\");\ncontactUsPage.contactFormSubmission(Cypress.env(\"first_name\"), data.last_name, data.email, \"Test comment\", \"h1\", \"Thank You for your Message!\"); // cy.get('[name=\"first_name\"]').type(data.first_name);\n// cy.get('[name=\"last_name\"]').type(data.last_name);\n// cy.get('[name=\"email\"]').type(data.email);\n// cy.get(\"textarea.feedback-input\").type(\"Test comment\");\n// cy.get('[type=\"submit\"]').click();\n// cy.get(\"h1\").should(\"have.text\", \"Thank You for your Message!\");",
              "err": {},
              "uuid": "ea1451d3-ab22-4bac-9d0d-ede9cdd61dec",
              "parentUUID": "282b2f7c-3d6b-48c3-aaef-b6833326ceeb",
              "isHook": false,
              "skipped": false
            },
            {
              "title": "Should not be able to submit a successful submission via contact us form as all fields are required",
              "fullTitle": "Test contact us form via WebdriverUni Should not be able to submit a successful submission via contact us form as all fields are required",
              "timedOut": null,
              "duration": 1359,
              "state": "passed",
              "speed": "fast",
              "pass": true,
              "fail": false,
              "pending": false,
              "context": null,
              "code": "// cy.webdriverUniContactFormSubmission(\n//   data.first_name,\n//   data.last_name,\n//   \" \",\n//   \"Test comment\",\n//   \"body\",\n//   \"Error: Invalid email address\"\n// );\ncontactUsPage.contactFormSubmission(data.first_name, data.last_name, \" \", \"Test comment\", \"body\", \"Error: Invalid email address\");",
              "err": {},
              "uuid": "5f28d255-7bc2-4935-a7ba-1974eceb4425",
              "parentUUID": "282b2f7c-3d6b-48c3-aaef-b6833326ceeb",
              "isHook": false,
              "skipped": false
            }
          ],
          "suites": [],
          "passes": [
            "ea1451d3-ab22-4bac-9d0d-ede9cdd61dec",
            "5f28d255-7bc2-4935-a7ba-1974eceb4425"
          ],
          "failures": [],
          "pending": [],
          "skipped": [],
          "duration": 4020,
          "root": false,
          "rootEmpty": false,
          "_timeout": 2000
        }
      ],
      "passes": [],
      "failures": [],
      "pending": [],
      "skipped": [],
      "duration": 0,
      "root": true,
      "rootEmpty": true,
      "_timeout": 2000
    },
    {
      "uuid": "b3b32786-9b65-44ca-bab7-4b5b6d45a158",
      "title": "",
      "fullFile": "cypress/integration/webdriver-uni/data-tables.js",
      "file": "cypress/integration/webdriver-uni/data-tables.js",
      "beforeHooks": [],
      "afterHooks": [],
      "tests": [],
      "suites": [
        {
          "uuid": "add03d76-7aa4-44e3-88b1-68f9d59dc4ef",
          "title": "Handling data via webdriveruni",
          "fullFile": "",
          "file": "",
          "beforeHooks": [],
          "afterHooks": [],
          "tests": [
            {
              "title": "Calculate and assert the age of a given user based on last name",
              "fullTitle": "Handling data via webdriveruni Calculate and assert the age of a given user based on last name",
              "timedOut": null,
              "duration": 1326,
              "state": "passed",
              "speed": "fast",
              "pass": true,
              "fail": false,
              "pending": false,
              "context": null,
              "code": "cy.get(\"#thumbnail-1 tr td:nth-child(2)\").each((element, index, list) => {\n  const lastName = element.text();\n  if (lastName === \"Woods\") {\n    cy.wrap(element).next().should(\"contain\", 80);\n  }\n});",
              "err": {},
              "uuid": "b258fad7-f1b9-4cd0-add0-01ae0c789af2",
              "parentUUID": "add03d76-7aa4-44e3-88b1-68f9d59dc4ef",
              "isHook": false,
              "skipped": false
            }
          ],
          "suites": [],
          "passes": [
            "b258fad7-f1b9-4cd0-add0-01ae0c789af2"
          ],
          "failures": [],
          "pending": [],
          "skipped": [],
          "duration": 1326,
          "root": false,
          "rootEmpty": false,
          "_timeout": 2000
        }
      ],
      "passes": [],
      "failures": [],
      "pending": [],
      "skipped": [],
      "duration": 0,
      "root": true,
      "rootEmpty": true,
      "_timeout": 2000
    },
    {
      "uuid": "ddcb3e06-008f-4a5d-ac83-b0f62d193bbe",
      "title": "",
      "fullFile": "cypress/integration/webdriver-uni/date-picker.js",
      "file": "cypress/integration/webdriver-uni/date-picker.js",
      "beforeHooks": [],
      "afterHooks": [],
      "tests": [],
      "suites": [
        {
          "uuid": "4e06ec9d-d669-4046-bcd6-7b902f74b091",
          "title": "Test Date Picker via webdriveruni",
          "fullFile": "",
          "file": "",
          "beforeHooks": [],
          "afterHooks": [],
          "tests": [
            {
              "title": "Select date from datepicker",
              "fullTitle": "Test Date Picker via webdriveruni Select date from datepicker",
              "timedOut": null,
              "duration": 2691,
              "state": "passed",
              "speed": "fast",
              "pass": true,
              "fail": false,
              "pending": false,
              "context": null,
              "code": "cy.visit(\"https://webdriveruniversity.com/\");\ncy.get(\"#datepicker\").invoke(\"removeAttr\", \"target\").click();\ncy.get(\"#datepicker\").click(); // const date1 = new Date();\n// date1.setDate(date1.getDate());\n// cy.log(date1.getDate());\n// let date2 = new Date();\n// date2.setDate(date2.getDate() + 5);\n// cy.log(date2.getDate());\nconst date = new Date();\ndate.setDate(date.getDate() + 360);\nconst futureYear = date.getFullYear();\nconst futureMonth = date.toLocaleDateString(\"default\", {\n  month: \"long\"\n});\nconst futureDay = date.getDate();\ncy.log(\"future year \", futureYear);\ncy.log(\"future month \", futureMonth);\ncy.log(\"future day \", futureDay);\nconst selectMonthAndYear = () => {\n  cy.get(\".datepicker-dropdown\").find(\".datepicker-switch\").first().then(currentDate => {\n    if (!currentDate.text().includes(futureYear)) {\n      cy.get(\".next\").first().click();\n      selectMonthAndYear();\n    } else if (!currentDate.text().includes(futureMonth)) {\n      cy.get(\".next\").first().click();\n      selectMonthAndYear();\n    }\n  });\n};\nselectMonthAndYear();\ncy.get(\".datepicker-days .day\").contains(futureDay).click();\ncy.get(\"#datepicker input\").should(\"have.value\", `${(date.getMonth() + 1).toString().padStart(2, \"0\")}-${futureDay.toString().padStart(2, \"0\")}-${futureYear}`);",
              "err": {},
              "uuid": "e4b46437-3528-4179-a005-2ca6a11b83a3",
              "parentUUID": "4e06ec9d-d669-4046-bcd6-7b902f74b091",
              "isHook": false,
              "skipped": false
            }
          ],
          "suites": [],
          "passes": [
            "e4b46437-3528-4179-a005-2ca6a11b83a3"
          ],
          "failures": [],
          "pending": [],
          "skipped": [],
          "duration": 2691,
          "root": false,
          "rootEmpty": false,
          "_timeout": 2000
        }
      ],
      "passes": [],
      "failures": [],
      "pending": [],
      "skipped": [],
      "duration": 0,
      "root": true,
      "rootEmpty": true,
      "_timeout": 2000
    },
    {
      "uuid": "8afbec82-7648-420f-af71-0232622e93bf",
      "title": "",
      "fullFile": "cypress/integration/webdriver-uni/file-upload.js",
      "file": "cypress/integration/webdriver-uni/file-upload.js",
      "beforeHooks": [],
      "afterHooks": [],
      "tests": [],
      "suites": [
        {
          "uuid": "05bc44cf-b0d1-4849-b2db-b6a913f4f83b",
          "title": "Test File Upload via webdriveruni",
          "fullFile": "",
          "file": "",
          "beforeHooks": [],
          "afterHooks": [],
          "tests": [
            {
              "title": "Upload a file...",
              "fullTitle": "Test File Upload via webdriveruni Upload a file...",
              "timedOut": null,
              "duration": 726,
              "state": "passed",
              "speed": "fast",
              "pass": true,
              "fail": false,
              "pending": false,
              "context": null,
              "code": "cy.visit(\"https://webdriveruniversity.com/\");\ncy.get(\"#file-upload\").invoke(\"removeAttr\", \"target\").click();\ncy.fixture(\"hamster.jpg\", \"base64\").then(fileContent => {\n  cy.get(\"#myFile\").attachFile({\n    fileContent,\n    fileName: \"hamster.jpg\",\n    mimeType: \"image/jpg\"\n  }, {\n    uploadType: \"input\"\n  });\n});\ncy.get(\"#submit-button\").click();",
              "err": {},
              "uuid": "110bdb36-775b-48ff-a3fe-4d6c28238b34",
              "parentUUID": "05bc44cf-b0d1-4849-b2db-b6a913f4f83b",
              "isHook": false,
              "skipped": false
            },
            {
              "title": "Upload no file...",
              "fullTitle": "Test File Upload via webdriveruni Upload no file...",
              "timedOut": null,
              "duration": 363,
              "state": "passed",
              "speed": "fast",
              "pass": true,
              "fail": false,
              "pending": false,
              "context": null,
              "code": "cy.visit(\"https://webdriveruniversity.com/\");\ncy.get(\"#file-upload\").invoke(\"removeAttr\", \"target\").click();\ncy.get(\"#submit-button\").click();",
              "err": {},
              "uuid": "6cff8546-a9d0-4878-b3b7-e274e096ca50",
              "parentUUID": "05bc44cf-b0d1-4849-b2db-b6a913f4f83b",
              "isHook": false,
              "skipped": false
            }
          ],
          "suites": [],
          "passes": [
            "110bdb36-775b-48ff-a3fe-4d6c28238b34",
            "6cff8546-a9d0-4878-b3b7-e274e096ca50"
          ],
          "failures": [],
          "pending": [],
          "skipped": [],
          "duration": 1089,
          "root": false,
          "rootEmpty": false,
          "_timeout": 2000
        }
      ],
      "passes": [],
      "failures": [],
      "pending": [],
      "skipped": [],
      "duration": 0,
      "root": true,
      "rootEmpty": true,
      "_timeout": 2000
    },
    {
      "uuid": "5fee9bf0-0b84-43c9-8bf4-fb4396adcb7a",
      "title": "",
      "fullFile": "cypress/integration/webdriver-uni/iframe.js",
      "file": "cypress/integration/webdriver-uni/iframe.js",
      "beforeHooks": [],
      "afterHooks": [],
      "tests": [],
      "suites": [
        {
          "uuid": "f3f1d916-2830-49a9-ba27-ef84ac3e0609",
          "title": "Hanling IFrame and Modals",
          "fullFile": "",
          "file": "",
          "beforeHooks": [],
          "afterHooks": [],
          "tests": [
            {
              "title": "Handle webdriveruni iframe and modal",
              "fullTitle": "Hanling IFrame and Modals Handle webdriveruni iframe and modal",
              "timedOut": null,
              "duration": 1114,
              "state": "passed",
              "speed": "fast",
              "pass": true,
              "fail": false,
              "pending": false,
              "context": null,
              "code": "cy.visit(\"https://webdriveruniversity.com/\");\ncy.get(\"#iframe\").invoke(\"removeAttr\", \"target\").click();\ncy.get(\"#frame\").then(iframeElement => {\n  const body = iframeElement.contents().find(\"body\");\n  cy.wrap(body).as(\"iframe\");\n});\ncy.get(\"@iframe\").find(\"#button-find-out-more\").click();\ncy.get(\"@iframe\").find(\"#myModal\").as(\"modal\");\ncy.get(\"@modal\").should(expectedText => {\n  const text = expectedText.text();\n  expect(text).to.include(\"Welcome to webdriveruniversity.com we sell a wide range of electrical goods \");\n});\ncy.get(\"@modal\").contains(\"Close\").click();",
              "err": {},
              "uuid": "7e540800-479e-47d6-b935-ea7c29f34719",
              "parentUUID": "f3f1d916-2830-49a9-ba27-ef84ac3e0609",
              "isHook": false,
              "skipped": false
            }
          ],
          "suites": [],
          "passes": [
            "7e540800-479e-47d6-b935-ea7c29f34719"
          ],
          "failures": [],
          "pending": [],
          "skipped": [],
          "duration": 1114,
          "root": false,
          "rootEmpty": false,
          "_timeout": 2000
        }
      ],
      "passes": [],
      "failures": [],
      "pending": [],
      "skipped": [],
      "duration": 0,
      "root": true,
      "rootEmpty": true,
      "_timeout": 2000
    },
    {
      "uuid": "8513c6b8-cc25-4051-93ed-e9a3823b767f",
      "title": "",
      "fullFile": "cypress/integration/webdriver-uni/js-alerts.js",
      "file": "cypress/integration/webdriver-uni/js-alerts.js",
      "beforeHooks": [],
      "afterHooks": [],
      "tests": [],
      "suites": [
        {
          "uuid": "92b050da-9efb-4d4d-87ec-4a12e1b622e2",
          "title": "Handle js alerts",
          "fullFile": "",
          "file": "",
          "beforeHooks": [],
          "afterHooks": [],
          "tests": [
            {
              "title": "Validate js confirm alert box using a stub",
              "fullTitle": "Handle js alerts Validate js confirm alert box using a stub",
              "timedOut": null,
              "duration": 1024,
              "state": "passed",
              "speed": "fast",
              "pass": true,
              "fail": false,
              "pending": false,
              "context": null,
              "code": "// cypress code\ncy.visit(\"https://webdriveruniversity.com/\");\ncy.get(\"#popup-alerts\").invoke(\"removeAttr\", \"target\").click();\nconst stub = cy.stub();\ncy.on(\"window:confirm\", stub);\ncy.get(\"#button4\").click().then(() => {\n  expect(stub.getCall(0)).to.be.calledWith(\"Press a button!\");\n}).then(() => {\n  return true;\n}).then(() => {\n  cy.get(\"#confirm-alert-text\").should(\"contain\", \"You pressed OK!\");\n});",
              "err": {},
              "uuid": "5a3f4225-235f-4a53-ac51-417f41802f41",
              "parentUUID": "92b050da-9efb-4d4d-87ec-4a12e1b622e2",
              "isHook": false,
              "skipped": false
            }
          ],
          "suites": [],
          "passes": [
            "5a3f4225-235f-4a53-ac51-417f41802f41"
          ],
          "failures": [],
          "pending": [],
          "skipped": [],
          "duration": 1024,
          "root": false,
          "rootEmpty": false,
          "_timeout": 2000
        }
      ],
      "passes": [],
      "failures": [],
      "pending": [],
      "skipped": [],
      "duration": 0,
      "root": true,
      "rootEmpty": true,
      "_timeout": 2000
    },
    {
      "uuid": "52e9eff7-be00-47e9-a91f-40b29a091c13",
      "title": "",
      "fullFile": "cypress/integration/webdriver-uni/mouse-actions.js",
      "file": "cypress/integration/webdriver-uni/mouse-actions.js",
      "beforeHooks": [],
      "afterHooks": [],
      "tests": [],
      "suites": [
        {
          "uuid": "4eadb72b-cf81-43b5-8669-83c11966df13",
          "title": "Test mouse actions",
          "fullFile": "",
          "file": "",
          "beforeHooks": [],
          "afterHooks": [],
          "tests": [
            {
              "title": "Scroll element into view",
              "fullTitle": "Test mouse actions Scroll element into view",
              "timedOut": null,
              "duration": 1031,
              "state": "passed",
              "speed": "fast",
              "pass": true,
              "fail": false,
              "pending": false,
              "context": null,
              "code": "cy.visit(\"https://webdriveruniversity.com/\");\ncy.get(\"#actions\").scrollIntoView().invoke(\"removeAttr\", \"target\").click();",
              "err": {},
              "uuid": "ffd4e9e0-beb3-41ec-b3f5-588d22c715b7",
              "parentUUID": "4eadb72b-cf81-43b5-8669-83c11966df13",
              "isHook": false,
              "skipped": false
            },
            {
              "title": "I should be able to drag and drop a draggable item",
              "fullTitle": "Test mouse actions I should be able to drag and drop a draggable item",
              "timedOut": null,
              "duration": 396,
              "state": "passed",
              "speed": "fast",
              "pass": true,
              "fail": false,
              "pending": false,
              "context": null,
              "code": "cy.visit(\"https://webdriveruniversity.com/\");\ncy.get(\"#actions\").scrollIntoView().invoke(\"removeAttr\", \"target\").click();\ncy.get(\"#draggable\").trigger(\"mousedown\", {\n  which: 1\n});\ncy.get(\"#droppable\").trigger(\"mousemove\").trigger(\"mouseup\", {\n  force: true\n});\ncy.get(\"#droppable p\").should(\"have.css\", \"background-color\", \"rgb(244, 89, 80)\");",
              "err": {},
              "uuid": "9ab6a6ea-6a8d-4cc0-9642-1d4f9409aca9",
              "parentUUID": "4eadb72b-cf81-43b5-8669-83c11966df13",
              "isHook": false,
              "skipped": false
            },
            {
              "title": "I should be able to perform a double mouse click",
              "fullTitle": "Test mouse actions I should be able to perform a double mouse click",
              "timedOut": null,
              "duration": 349,
              "state": "passed",
              "speed": "fast",
              "pass": true,
              "fail": false,
              "pending": false,
              "context": null,
              "code": "cy.visit(\"https://webdriveruniversity.com/\");\ncy.get(\"#actions\").scrollIntoView().invoke(\"removeAttr\", \"target\").click();\ncy.get(\"#double-click\").dblclick();\ncy.get(\"#double-click\").should(\"have.css\", \"background-color\", \"rgb(147, 203, 90)\");",
              "err": {},
              "uuid": "0e9384d6-f2d2-42e2-beef-51e1b6dcbd34",
              "parentUUID": "4eadb72b-cf81-43b5-8669-83c11966df13",
              "isHook": false,
              "skipped": false
            },
            {
              "title": "I should be able to hold down the left mouse click button on a given element",
              "fullTitle": "Test mouse actions I should be able to hold down the left mouse click button on a given element",
              "timedOut": null,
              "duration": 365,
              "state": "passed",
              "speed": "fast",
              "pass": true,
              "fail": false,
              "pending": false,
              "context": null,
              "code": "cy.visit(\"https://webdriveruniversity.com/\");\ncy.get(\"#actions\").scrollIntoView().invoke(\"removeAttr\", \"target\").click();\ncy.get(\"#click-box\").trigger(\"mousedown\", {\n  which: 1\n}).should(\"have.css\", \"background-color\", \"rgb(0, 255, 0)\"); // cy.get(\"#click-box\")\n//   .trigger(\"mousedown\", { which: 1 })\n//   .then((element) => {\n//     expect(element).to.have.css(\"background-color\", \"rgb(0, 255, 0)\");\n//   });",
              "err": {},
              "uuid": "83309082-5a50-4372-941b-274e142a81e4",
              "parentUUID": "4eadb72b-cf81-43b5-8669-83c11966df13",
              "isHook": false,
              "skipped": false
            }
          ],
          "suites": [],
          "passes": [
            "ffd4e9e0-beb3-41ec-b3f5-588d22c715b7",
            "9ab6a6ea-6a8d-4cc0-9642-1d4f9409aca9",
            "0e9384d6-f2d2-42e2-beef-51e1b6dcbd34",
            "83309082-5a50-4372-941b-274e142a81e4"
          ],
          "failures": [],
          "pending": [],
          "skipped": [],
          "duration": 2141,
          "root": false,
          "rootEmpty": false,
          "_timeout": 2000
        }
      ],
      "passes": [],
      "failures": [],
      "pending": [],
      "skipped": [],
      "duration": 0,
      "root": true,
      "rootEmpty": true,
      "_timeout": 2000
    },
    {
      "uuid": "fb7961a6-d3b8-428f-b219-bc552613cb44",
      "title": "",
      "fullFile": "cypress/integration/webdriver-uni/radio-buttons.js",
      "file": "cypress/integration/webdriver-uni/radio-buttons.js",
      "beforeHooks": [],
      "afterHooks": [],
      "tests": [],
      "suites": [
        {
          "uuid": "e2fb4d35-a598-4871-a9a8-4b12808c224d",
          "title": "Verify radio buttons via webdriveruni",
          "fullFile": "",
          "file": "",
          "beforeHooks": [],
          "afterHooks": [],
          "tests": [
            {
              "title": "Check specific radio buttons",
              "fullTitle": "Verify radio buttons via webdriveruni Check specific radio buttons",
              "timedOut": null,
              "duration": 930,
              "state": "passed",
              "speed": "fast",
              "pass": true,
              "fail": false,
              "pending": false,
              "context": null,
              "code": "// cy.visit(\"https://webdriveruniversity.com/\");\n// cy.get(\"#dropdown-checkboxes-radiobuttons\")\n//   .invoke(\"removeAttr\", \"target\")\n//   .click();\ncy.get(\"#radio-buttons\").find('[type=\"radio\"]').first().check();\ncy.get(\"#radio-buttons\").find('[type=\"radio\"]').eq(1).check();",
              "err": {},
              "uuid": "5b288daa-00c4-4860-91be-447d511aab73",
              "parentUUID": "e2fb4d35-a598-4871-a9a8-4b12808c224d",
              "isHook": false,
              "skipped": false
            },
            {
              "title": "Validate the states of specific radio buttons",
              "fullTitle": "Verify radio buttons via webdriveruni Validate the states of specific radio buttons",
              "timedOut": null,
              "duration": 140,
              "state": "passed",
              "speed": "fast",
              "pass": true,
              "fail": false,
              "pending": false,
              "context": null,
              "code": "// cy.visit(\"https://webdriveruniversity.com/\");\n// cy.get(\"#dropdown-checkboxes-radiobuttons\")\n//   .invoke(\"removeAttr\", \"target\")\n//   .click();\ncy.get('[value=\"lettuce\"]').should(\"not.be.checked\");\ncy.get('[value=\"cabbage\"]').should(\"be.disabled\");\ncy.get('[value=\"pumpkin\"]').should(\"be.checked\");\ncy.get('[value=\"lettuce\"]').check();\ncy.get('[value=\"lettuce\"]').should(\"be.checked\");\ncy.get('[value=\"pumpkin\"]').should(\"not.be.checked\");",
              "err": {},
              "uuid": "48c995ae-05d1-422e-a344-9268f8d680c5",
              "parentUUID": "e2fb4d35-a598-4871-a9a8-4b12808c224d",
              "isHook": false,
              "skipped": false
            }
          ],
          "suites": [],
          "passes": [
            "5b288daa-00c4-4860-91be-447d511aab73",
            "48c995ae-05d1-422e-a344-9268f8d680c5"
          ],
          "failures": [],
          "pending": [],
          "skipped": [],
          "duration": 1070,
          "root": false,
          "rootEmpty": false,
          "_timeout": 2000
        }
      ],
      "passes": [],
      "failures": [],
      "pending": [],
      "skipped": [],
      "duration": 0,
      "root": true,
      "rootEmpty": true,
      "_timeout": 2000
    },
    {
      "uuid": "7b40c018-4aa9-4311-a978-e20afaba0ab2",
      "title": "",
      "fullFile": "cypress/integration/webdriver-uni/select-dropdown-list.js",
      "file": "cypress/integration/webdriver-uni/select-dropdown-list.js",
      "beforeHooks": [],
      "afterHooks": [],
      "tests": [],
      "suites": [
        {
          "uuid": "d836cbdc-93b4-4d7e-9465-03acbfb634e9",
          "title": "Interact with dropdown lists via webdriveruni",
          "fullFile": "",
          "file": "",
          "beforeHooks": [],
          "afterHooks": [],
          "tests": [
            {
              "title": "Select specific values via select dropdown lists",
              "fullTitle": "Interact with dropdown lists via webdriveruni Select specific values via select dropdown lists",
              "timedOut": null,
              "duration": 1438,
              "state": "passed",
              "speed": "fast",
              "pass": true,
              "fail": false,
              "pending": false,
              "context": null,
              "code": "cy.visit(\"https://webdriveruniversity.com/\");\ncy.get(\"#dropdown-checkboxes-radiobuttons\").invoke(\"removeAttr\", \"target\").click();\ncy.get(\"#dropdowm-menu-1\").select(\"c#\");\ncy.get(\"#dropdowm-menu-2\").select(\"testng\").should(\"have.value\", \"testng\");\ncy.get(\"#dropdowm-menu-3\").select(\"JQuery\").should(\"contain\", \"JQuery\");\ncy.get(\"#dropdowm-menu-2\").select(\"maven\").should(\"have.value\", \"maven\");\ncy.get(\"#dropdowm-menu-2\").select(\"TestNG\").should(\"contain\", \"TestNG\");",
              "err": {},
              "uuid": "1e857d02-f59c-4b60-924e-4c87e88e8318",
              "parentUUID": "d836cbdc-93b4-4d7e-9465-03acbfb634e9",
              "isHook": false,
              "skipped": false
            }
          ],
          "suites": [],
          "passes": [
            "1e857d02-f59c-4b60-924e-4c87e88e8318"
          ],
          "failures": [],
          "pending": [],
          "skipped": [],
          "duration": 1438,
          "root": false,
          "rootEmpty": false,
          "_timeout": 2000
        }
      ],
      "passes": [],
      "failures": [],
      "pending": [],
      "skipped": [],
      "duration": 0,
      "root": true,
      "rootEmpty": true,
      "_timeout": 2000
    },
    {
      "uuid": "5c099674-91a8-43ab-b391-058dd52464e8",
      "title": "",
      "fullFile": "cypress/integration/webdriver-uni/selectors.js",
      "file": "cypress/integration/webdriver-uni/selectors.js",
      "beforeHooks": [],
      "afterHooks": [],
      "tests": [],
      "suites": [
        {
          "uuid": "f95d9f10-1653-4e5f-8d7c-69a8506a7ca2",
          "title": "Selector examples",
          "fullFile": "",
          "file": "",
          "beforeHooks": [],
          "afterHooks": [],
          "tests": [
            {
              "title": "Examples of Selectors via WebdriverUni Contact Us Page",
              "fullTitle": "Selector examples Examples of Selectors via WebdriverUni Contact Us Page",
              "timedOut": null,
              "duration": 638,
              "state": "passed",
              "speed": "fast",
              "pass": true,
              "fail": false,
              "pending": false,
              "context": null,
              "code": "cy.visit(\"http://www.webdriveruniversity.com/Contact-Us/contactus.html\"); //By tag name\ncy.get(\"input\"); //By attribute name and value\ncy.get(\"input[name='first_name']\"); //By id\ncy.get(\"#contact_me\"); //By class\ncy.get(\".feedback-input\"); //By multiple classes\ncy.get(\"[class='navbar navbar-inverse navbar-fixed-top']\"); //By two different attributes\ncy.get(\"[name='email'][placeholder='Email Address']\"); //By xpath\ncy.xpath(\"//input[@name='first_name']\");",
              "err": {},
              "uuid": "07158d8a-bbdc-4323-a294-22c880baa2c2",
              "parentUUID": "f95d9f10-1653-4e5f-8d7c-69a8506a7ca2",
              "isHook": false,
              "skipped": false
            }
          ],
          "suites": [],
          "passes": [
            "07158d8a-bbdc-4323-a294-22c880baa2c2"
          ],
          "failures": [],
          "pending": [],
          "skipped": [],
          "duration": 638,
          "root": false,
          "rootEmpty": false,
          "_timeout": 2000
        }
      ],
      "passes": [],
      "failures": [],
      "pending": [],
      "skipped": [],
      "duration": 0,
      "root": true,
      "rootEmpty": true,
      "_timeout": 2000
    },
    {
      "uuid": "97dee6ba-97df-43f6-90ed-7979a50a6b57",
      "title": "",
      "fullFile": "cypress/integration/webdriver-uni/traversing-elements.js",
      "file": "cypress/integration/webdriver-uni/traversing-elements.js",
      "beforeHooks": [],
      "afterHooks": [],
      "tests": [],
      "suites": [
        {
          "uuid": "77d31b96-753b-4003-b96a-fe2711afca19",
          "title": "Traversing DOM elements in Cypress",
          "fullFile": "",
          "file": "",
          "beforeHooks": [],
          "afterHooks": [],
          "tests": [
            {
              "title": "children() to get the children of DOM elements",
              "fullTitle": "Traversing DOM elements in Cypress children() to get the children of DOM elements",
              "timedOut": null,
              "duration": 2872,
              "state": "passed",
              "speed": "fast",
              "pass": true,
              "fail": false,
              "pending": false,
              "context": null,
              "code": "cy.get(\".traversal-breadcrumb\").children(\".active\").should(\"contain\", \"Contact Us\");",
              "err": {},
              "uuid": "d3a47d92-2afb-47c2-be10-4cbe9e7ab9a2",
              "parentUUID": "77d31b96-753b-4003-b96a-fe2711afca19",
              "isHook": false,
              "skipped": false
            },
            {
              "title": "closest() to validate the closest ancestor DOM element",
              "fullTitle": "Traversing DOM elements in Cypress closest() to validate the closest ancestor DOM element",
              "timedOut": null,
              "duration": 331,
              "state": "passed",
              "speed": "fast",
              "pass": true,
              "fail": false,
              "pending": false,
              "context": null,
              "code": "cy.get(\".traversal-badge\").closest(\"ul\").should(\"have.class\", \"list-group\");",
              "err": {},
              "uuid": "e27da5b1-d9d1-4cd8-b06e-57a12be64d31",
              "parentUUID": "77d31b96-753b-4003-b96a-fe2711afca19",
              "isHook": false,
              "skipped": false
            },
            {
              "title": "eq() to retrieve a specific element based on index",
              "fullTitle": "Traversing DOM elements in Cypress eq() to retrieve a specific element based on index",
              "timedOut": null,
              "duration": 345,
              "state": "passed",
              "speed": "fast",
              "pass": true,
              "fail": false,
              "pending": false,
              "context": null,
              "code": "cy.get(\".traversal-drinks-list > *\").eq(2).should(\"have.id\", \"milk\");",
              "err": {},
              "uuid": "81842de1-35b0-4a7b-b802-aafda6143344",
              "parentUUID": "77d31b96-753b-4003-b96a-fe2711afca19",
              "isHook": false,
              "skipped": false
            },
            {
              "title": "filter() to retrieve DOM elements that match a specific selector",
              "fullTitle": "Traversing DOM elements in Cypress filter() to retrieve DOM elements that match a specific selector",
              "timedOut": null,
              "duration": 279,
              "state": "passed",
              "speed": "fast",
              "pass": true,
              "fail": false,
              "pending": false,
              "context": null,
              "code": "cy.get(\".btn-group-toggle > *\").filter(\".active\").should(\"contain\", \"Button-1\");",
              "err": {},
              "uuid": "c4df78f5-8750-4fb3-abe9-89da3a711a31",
              "parentUUID": "77d31b96-753b-4003-b96a-fe2711afca19",
              "isHook": false,
              "skipped": false
            },
            {
              "title": "find() to retrieve DOM elements of a given selector",
              "fullTitle": "Traversing DOM elements in Cypress find() to retrieve DOM elements of a given selector",
              "timedOut": null,
              "duration": 292,
              "state": "passed",
              "speed": "fast",
              "pass": true,
              "fail": false,
              "pending": false,
              "context": null,
              "code": "cy.get(\".traversal-pagination\").find(\"li\").find(\"a\").should(\"have.length\", 7);",
              "err": {},
              "uuid": "6a0b4462-5a48-4846-9334-cfd0857d5475",
              "parentUUID": "77d31b96-753b-4003-b96a-fe2711afca19",
              "isHook": false,
              "skipped": false
            },
            {
              "title": "first() to retrieve the first DOM element within elements ",
              "fullTitle": "Traversing DOM elements in Cypress first() to retrieve the first DOM element within elements ",
              "timedOut": null,
              "duration": 284,
              "state": "passed",
              "speed": "fast",
              "pass": true,
              "fail": false,
              "pending": false,
              "context": null,
              "code": "cy.get(\".traversal-table td\").first().should(\"contain\", \"Andy\");",
              "err": {},
              "uuid": "03c01053-2cdc-4df9-9268-1d384a252322",
              "parentUUID": "77d31b96-753b-4003-b96a-fe2711afca19",
              "isHook": false,
              "skipped": false
            },
            {
              "title": "last() to retrieve the last DOM element within elements",
              "fullTitle": "Traversing DOM elements in Cypress last() to retrieve the last DOM element within elements",
              "timedOut": null,
              "duration": 305,
              "state": "passed",
              "speed": "fast",
              "pass": true,
              "fail": false,
              "pending": false,
              "context": null,
              "code": "cy.get(\".traversal-table td\").last().should(\"contain\", \"Scott\");",
              "err": {},
              "uuid": "eab67560-3568-446a-ad5c-f635334e59f0",
              "parentUUID": "77d31b96-753b-4003-b96a-fe2711afca19",
              "isHook": false,
              "skipped": false
            },
            {
              "title": "nextAll() to get all of the next sibling DOM elements within elements",
              "fullTitle": "Traversing DOM elements in Cypress nextAll() to get all of the next sibling DOM elements within elements",
              "timedOut": null,
              "duration": 264,
              "state": "passed",
              "speed": "fast",
              "pass": true,
              "fail": false,
              "pending": false,
              "context": null,
              "code": "cy.get(\"#tea\").nextAll().should(\"have.length\", 3);",
              "err": {},
              "uuid": "68690cd7-72c7-4ee4-85f5-eb867dd3fd1a",
              "parentUUID": "77d31b96-753b-4003-b96a-fe2711afca19",
              "isHook": false,
              "skipped": false
            },
            {
              "title": "nextUntil() to get all of the next sibling DOM elements within elements until another element",
              "fullTitle": "Traversing DOM elements in Cypress nextUntil() to get all of the next sibling DOM elements within elements until another element",
              "timedOut": null,
              "duration": 301,
              "state": "passed",
              "speed": "fast",
              "pass": true,
              "fail": false,
              "pending": false,
              "context": null,
              "code": "cy.get(\"#coffee\").nextUntil(\"#sugar\").should(\"have.length\", 3);",
              "err": {},
              "uuid": "b541bad4-e1dc-43af-b0e6-3d6d60c43a02",
              "parentUUID": "77d31b96-753b-4003-b96a-fe2711afca19",
              "isHook": false,
              "skipped": false
            },
            {
              "title": "not() to remove DOM element(s) from the set of elements",
              "fullTitle": "Traversing DOM elements in Cypress not() to remove DOM element(s) from the set of elements",
              "timedOut": null,
              "duration": 282,
              "state": "passed",
              "speed": "fast",
              "pass": true,
              "fail": false,
              "pending": false,
              "context": null,
              "code": "cy.get(\".traversal-button-states > *\").not(\".disabled\").should(\"not.have.class\", \"disabled\");",
              "err": {},
              "uuid": "c7c014a8-1173-458f-bfda-d15689f40f88",
              "parentUUID": "77d31b96-753b-4003-b96a-fe2711afca19",
              "isHook": false,
              "skipped": false
            },
            {
              "title": "parent() To get parent DOM element of elements",
              "fullTitle": "Traversing DOM elements in Cypress parent() To get parent DOM element of elements",
              "timedOut": null,
              "duration": 273,
              "state": "passed",
              "speed": "fast",
              "pass": true,
              "fail": false,
              "pending": false,
              "context": null,
              "code": "cy.get(\".traversal-mark\").parent().should(\"contain\", \"Lorem ipsum dolor sit amet\");",
              "err": {},
              "uuid": "fda13c7d-4b84-46b7-890a-c355b650bea1",
              "parentUUID": "77d31b96-753b-4003-b96a-fe2711afca19",
              "isHook": false,
              "skipped": false
            },
            {
              "title": "parents() to get parents DOM element of elements",
              "fullTitle": "Traversing DOM elements in Cypress parents() to get parents DOM element of elements",
              "timedOut": null,
              "duration": 298,
              "state": "passed",
              "speed": "fast",
              "pass": true,
              "fail": false,
              "pending": false,
              "context": null,
              "code": "cy.get(\".traversal-cite\").parents().should(\"match\", \"blockquote\");",
              "err": {},
              "uuid": "e59b22ad-e826-4a08-882c-05ec4b9fef5b",
              "parentUUID": "77d31b96-753b-4003-b96a-fe2711afca19",
              "isHook": false,
              "skipped": false
            },
            {
              "title": "prev() to get the previous sibling DOM element within elements",
              "fullTitle": "Traversing DOM elements in Cypress prev() to get the previous sibling DOM element within elements",
              "timedOut": null,
              "duration": 278,
              "state": "passed",
              "speed": "fast",
              "pass": true,
              "fail": false,
              "pending": false,
              "context": null,
              "code": "cy.get(\"#espresso\").prev().should(\"have.id\", \"milk\");",
              "err": {},
              "uuid": "7c1d12e9-c4e4-4c9c-8b4e-c14dbe958edf",
              "parentUUID": "77d31b96-753b-4003-b96a-fe2711afca19",
              "isHook": false,
              "skipped": false
            },
            {
              "title": "prevAll() to get all previous sibling DOM elements within elements",
              "fullTitle": "Traversing DOM elements in Cypress prevAll() to get all previous sibling DOM elements within elements",
              "timedOut": null,
              "duration": 279,
              "state": "passed",
              "speed": "fast",
              "pass": true,
              "fail": false,
              "pending": false,
              "context": null,
              "code": "cy.get(\".sales\").prevAll().should(\"have.length\", 2);",
              "err": {},
              "uuid": "196421fd-eb12-41d6-ac3f-4e489640122e",
              "parentUUID": "77d31b96-753b-4003-b96a-fe2711afca19",
              "isHook": false,
              "skipped": false
            },
            {
              "title": "prevUntil() to get all previous sibling DOM elements within elements until other element",
              "fullTitle": "Traversing DOM elements in Cypress prevUntil() to get all previous sibling DOM elements within elements until other element",
              "timedOut": null,
              "duration": 268,
              "state": "passed",
              "speed": "fast",
              "pass": true,
              "fail": false,
              "pending": false,
              "context": null,
              "code": "cy.get(\"#veggie\").prevUntil(\"#fruits\").should(\"have.length\", 5).should(\"contain\", \"Banana\");",
              "err": {},
              "uuid": "6d2b0757-e57f-440e-bc43-476ed1c5d6b7",
              "parentUUID": "77d31b96-753b-4003-b96a-fe2711afca19",
              "isHook": false,
              "skipped": false
            },
            {
              "title": "siblings() To get all sibling DOM elements of elements",
              "fullTitle": "Traversing DOM elements in Cypress siblings() To get all sibling DOM elements of elements",
              "timedOut": null,
              "duration": 282,
              "state": "passed",
              "speed": "fast",
              "pass": true,
              "fail": false,
              "pending": false,
              "context": null,
              "code": "cy.get('.traversal-buttons [value=\"Input\"]').siblings().should(\"have.length\", 4);",
              "err": {},
              "uuid": "92f4adcf-c759-460d-ade5-3a97b96b3ecc",
              "parentUUID": "77d31b96-753b-4003-b96a-fe2711afca19",
              "isHook": false,
              "skipped": false
            }
          ],
          "suites": [],
          "passes": [
            "d3a47d92-2afb-47c2-be10-4cbe9e7ab9a2",
            "e27da5b1-d9d1-4cd8-b06e-57a12be64d31",
            "81842de1-35b0-4a7b-b802-aafda6143344",
            "c4df78f5-8750-4fb3-abe9-89da3a711a31",
            "6a0b4462-5a48-4846-9334-cfd0857d5475",
            "03c01053-2cdc-4df9-9268-1d384a252322",
            "eab67560-3568-446a-ad5c-f635334e59f0",
            "68690cd7-72c7-4ee4-85f5-eb867dd3fd1a",
            "b541bad4-e1dc-43af-b0e6-3d6d60c43a02",
            "c7c014a8-1173-458f-bfda-d15689f40f88",
            "fda13c7d-4b84-46b7-890a-c355b650bea1",
            "e59b22ad-e826-4a08-882c-05ec4b9fef5b",
            "7c1d12e9-c4e4-4c9c-8b4e-c14dbe958edf",
            "196421fd-eb12-41d6-ac3f-4e489640122e",
            "6d2b0757-e57f-440e-bc43-476ed1c5d6b7",
            "92f4adcf-c759-460d-ade5-3a97b96b3ecc"
          ],
          "failures": [],
          "pending": [],
          "skipped": [],
          "duration": 7233,
          "root": false,
          "rootEmpty": false,
          "_timeout": 2000
        }
      ],
      "passes": [],
      "failures": [],
      "pending": [],
      "skipped": [],
      "duration": 0,
      "root": true,
      "rootEmpty": true,
      "_timeout": 2000
    },
    {
      "uuid": "931f42fb-6cdd-45a7-89f8-25dac2da9649",
      "title": "",
      "fullFile": "cypress/integration/webdriver-uni/autocomplete-dropdown-list.js",
      "file": "cypress/integration/webdriver-uni/autocomplete-dropdown-list.js",
      "beforeHooks": [],
      "afterHooks": [],
      "tests": [],
      "suites": [
        {
          "uuid": "d59f5e8c-8c9d-4cc2-9b69-f8f6ca959424",
          "title": "Verify autocomplete dropdown lists via webdriveruni",
          "fullFile": "",
          "file": "",
          "beforeHooks": [],
          "afterHooks": [],
          "tests": [
            {
              "title": "Select specific product via autocomplete list",
              "fullTitle": "Verify autocomplete dropdown lists via webdriveruni Select specific product via autocomplete list",
              "timedOut": null,
              "duration": 2483,
              "state": "passed",
              "speed": "fast",
              "pass": true,
              "fail": false,
              "pending": false,
              "context": null,
              "code": "cy.visit(\"https://webdriveruniversity.com/\");\ncy.get(\"#autocomplete-textfield\").invoke(\"removeAttr\", \"target\").click();\ncy.get(\"#myInput\").as(\"input\");\ncy.get(\"@input\").type(\"P\");\nconst productToSelect = \"Pancakes\";\ncy.get(\"#myInputautocomplete-list > *\").as(\"list\");\ncy.get(\"@list\").contains(productToSelect).click();\ncy.get(\"#submit-button\").click(); // cy.get(\"#myInputautocomplete-list > *\").each((el, index, list) => {\n//   const product = el.text();\n//   if (product === productToSelect) {\n//     el.click()\n//     cy.get('#submit-button').click()\n//   }\n// });\ncy.url().should(\"include\", productToSelect);\nconst secondProductToSelect = \"Grapes\";\ncy.get(\"@input\").type(\"G\");\ncy.get(\"@list\").contains(secondProductToSelect).click();\ncy.get(\"#submit-button\").click();\ncy.url().should(\"include\", secondProductToSelect);",
              "err": {},
              "uuid": "4bf6d185-b3f8-460c-a4da-ea39b2007d1b",
              "parentUUID": "d59f5e8c-8c9d-4cc2-9b69-f8f6ca959424",
              "isHook": false,
              "skipped": false
            }
          ],
          "suites": [],
          "passes": [
            "4bf6d185-b3f8-460c-a4da-ea39b2007d1b"
          ],
          "failures": [],
          "pending": [],
          "skipped": [],
          "duration": 2483,
          "root": false,
          "rootEmpty": false,
          "_timeout": 2000
        }
      ],
      "passes": [],
      "failures": [],
      "pending": [],
      "skipped": [],
      "duration": 0,
      "root": true,
      "rootEmpty": true,
      "_timeout": 2000
    }
  ],
  "meta": {
    "mocha": {
      "version": "7.0.1"
    },
    "mochawesome": {
      "options": {
        "quiet": false,
        "reportFilename": "mochawesome",
        "saveHtml": false,
        "saveJson": true,
        "consoleReporter": "spec",
        "useInlineDiffs": false,
        "code": true
      },
      "version": "7.1.3"
    },
    "marge": {
      "options": {
        "id": "default",
        "reportDir": "cypress/results/mochawesome",
        "quite": true,
        "overwrite": false,
        "html": false,
        "json": true
      },
      "version": "6.2.0"
    }
  }
}